[16 Nov 2016 00:17:09] Building database metadata model
[16 Nov 2016 00:17:09] Properties: {partialRefresh=false, processColumnsUsingSelect=, includePrimaryKeys=true, eventSocketClient=com.webratio.commons.net.EventSocketClient@bc8ba5, includeTables=true, username=sql9144540, outputLogPath=C:\WebRatio\WebRatio\workspace\EBookStore\.Temp~\DB.xml.log, readIndexes=null, driverClass=com.mysql.jdbc.Driver, includeSynonyms=true, metaDataProviderClass=com.webratio.commons.db.metadata.MySQLMetaDataProvider, outputPath=C:\WebRatio\WebRatio\workspace\EBookStore\.Temp~\DB.xml, schemaRegex=null, readProcedures=null, includeViews=true, derby.system.home=C:\WebRatio\WebRatio\workspace\.metadata\.plugins\com.webratio.commons.db\derby, url=jdbc:mysql://sql9.freemysqlhosting.net:3306/sql9144540, tableRegex=null, readSQLDefinitions=true, includeForeignKeys=false, retrieveAllNames=false, tablesToRefresh=, eventSocketPort=59309}
[16 Nov 2016 00:17:09] URL: jdbc:mysql://sql9.freemysqlhosting.net:3306/sql9144540
[16 Nov 2016 00:17:09] Product name: MySQL
[16 Nov 2016 00:17:09] Product version: 5.5.50-0ubuntu0.14.04.1
[16 Nov 2016 00:17:09] Driver name: MySQL Connector Java
[16 Nov 2016 00:17:09] Driver version: mysql-connector-java-5.1.31 ( Revision: alexander.soklakov@oracle.com-20140520065950-groqzzbvxprqdmnz )
[16 Nov 2016 00:17:09] Driver major version: 5
[16 Nov 2016 00:17:09] Driver minor version: 1
[16 Nov 2016 00:17:09] Identifier quote string: 1
[16 Nov 2016 00:17:09] Retrieving schemas
[16 Nov 2016 00:17:09] Retrieving [TABLE, VIEW, SYNONYM] for schema ''
[16 Nov 2016 00:17:09]   Found 'bookinfo' [type = TABLE]
[16 Nov 2016 00:17:09]   Found 'category' [type = TABLE]
[16 Nov 2016 00:17:09]   Found 'group' [type = TABLE]
[16 Nov 2016 00:17:09]   Found 'group_module' [type = TABLE]
[16 Nov 2016 00:17:09]   Found 'module' [type = TABLE]
[16 Nov 2016 00:17:09]   Found 'user' [type = TABLE]
[16 Nov 2016 00:17:09]   Found 'user_group' [type = TABLE]
[16 Nov 2016 00:17:09] Retrieving columns for 'bookinfo' [type = TABLE]
[16 Nov 2016 00:17:09]   Found column: oid [type = INT][SQL/XOPEN type = 4][size = 10][dec. digits = 0]
[16 Nov 2016 00:17:09]   Found column: isrent [type = BIT][SQL/XOPEN type = -7][size = 1][dec. digits = 0]
[16 Nov 2016 00:17:09]   Found column: issale [type = BIT][SQL/XOPEN type = -7][size = 1][dec. digits = 0]
[16 Nov 2016 00:17:09]   Found column: author [type = VARCHAR][SQL/XOPEN type = 12][size = 255][dec. digits = 0]
[16 Nov 2016 00:17:09]   Found column: publisher [type = VARCHAR][SQL/XOPEN type = 12][size = 255][dec. digits = 0]
[16 Nov 2016 00:17:09]   Found column: loginprice [type = DOUBLE][SQL/XOPEN type = 8][size = 22][dec. digits = 0]
[16 Nov 2016 00:17:09]   Found column: photo [type = VARCHAR][SQL/XOPEN type = 12][size = 255][dec. digits = 0]
[16 Nov 2016 00:17:09]   Found column: price [type = DOUBLE][SQL/XOPEN type = 8][size = 22][dec. digits = 0]
[16 Nov 2016 00:17:09]   Found column: description [type = LONGTEXT][SQL/XOPEN type = -1][size = 2147483647][dec. digits = 0]
[16 Nov 2016 00:17:09]   Found column: name [type = VARCHAR][SQL/XOPEN type = 12][size = 255][dec. digits = 0]
[16 Nov 2016 00:17:09]   Found column: isbn [type = VARCHAR][SQL/XOPEN type = 12][size = 255][dec. digits = 0]
[16 Nov 2016 00:17:09]   Found column: category_oid [type = INT][SQL/XOPEN type = 4][size = 10][dec. digits = 0]
[16 Nov 2016 00:17:09] Retrieving primary keys for 'bookinfo' [type = TABLE]
[16 Nov 2016 00:17:09]   Found primary key column: oid
[16 Nov 2016 00:17:09] Retrieving columns for 'category' [type = TABLE]
[16 Nov 2016 00:17:09]   Found column: oid [type = INT][SQL/XOPEN type = 4][size = 10][dec. digits = 0]
[16 Nov 2016 00:17:09]   Found column: category [type = VARCHAR][SQL/XOPEN type = 12][size = 255][dec. digits = 0]
[16 Nov 2016 00:17:09] Retrieving primary keys for 'category' [type = TABLE]
[16 Nov 2016 00:17:10]   Found primary key column: oid
[16 Nov 2016 00:17:10] Retrieving columns for 'group' [type = TABLE]
[16 Nov 2016 00:17:10]   Found column: oid [type = INT][SQL/XOPEN type = 4][size = 10][dec. digits = 0]
[16 Nov 2016 00:17:10]   Found column: groupname [type = VARCHAR][SQL/XOPEN type = 12][size = 255][dec. digits = 0]
[16 Nov 2016 00:17:10]   Found column: module_oid [type = INT][SQL/XOPEN type = 4][size = 10][dec. digits = 0]
[16 Nov 2016 00:17:10] Retrieving primary keys for 'group' [type = TABLE]
[16 Nov 2016 00:17:10]   Found primary key column: oid
[16 Nov 2016 00:17:10] Retrieving columns for 'group_module' [type = TABLE]
[16 Nov 2016 00:17:10]   Found column: group_oid [type = INT][SQL/XOPEN type = 4][size = 10][dec. digits = 0]
[16 Nov 2016 00:17:10]   Found column: module_oid [type = INT][SQL/XOPEN type = 4][size = 10][dec. digits = 0]
[16 Nov 2016 00:17:10] Retrieving primary keys for 'group_module' [type = TABLE]
[16 Nov 2016 00:17:10]   Found primary key column: group_oid
[16 Nov 2016 00:17:10]   Found primary key column: module_oid
[16 Nov 2016 00:17:10] Retrieving columns for 'module' [type = TABLE]
[16 Nov 2016 00:17:10]   Found column: oid [type = INT][SQL/XOPEN type = 4][size = 10][dec. digits = 0]
[16 Nov 2016 00:17:10]   Found column: moduleid [type = VARCHAR][SQL/XOPEN type = 12][size = 255][dec. digits = 0]
[16 Nov 2016 00:17:10]   Found column: modulename [type = VARCHAR][SQL/XOPEN type = 12][size = 255][dec. digits = 0]
[16 Nov 2016 00:17:10] Retrieving primary keys for 'module' [type = TABLE]
[16 Nov 2016 00:17:10]   Found primary key column: oid
[16 Nov 2016 00:17:10] Retrieving columns for 'user' [type = TABLE]
[16 Nov 2016 00:17:10]   Found column: oid [type = INT][SQL/XOPEN type = 4][size = 10][dec. digits = 0]
[16 Nov 2016 00:17:10]   Found column: username [type = VARCHAR][SQL/XOPEN type = 12][size = 255][dec. digits = 0]
[16 Nov 2016 00:17:10]   Found column: password [type = VARCHAR][SQL/XOPEN type = 12][size = 255][dec. digits = 0]
[16 Nov 2016 00:17:10]   Found column: email [type = VARCHAR][SQL/XOPEN type = 12][size = 255][dec. digits = 0]
[16 Nov 2016 00:17:10]   Found column: shippingaddress [type = VARCHAR][SQL/XOPEN type = 12][size = 255][dec. digits = 0]
[16 Nov 2016 00:17:10]   Found column: birthdate [type = DATE][SQL/XOPEN type = 91][size = 10][dec. digits = 0]
[16 Nov 2016 00:17:10]   Found column: gender [type = VARCHAR][SQL/XOPEN type = 12][size = 255][dec. digits = 0]
[16 Nov 2016 00:17:10]   Found column: lastname [type = VARCHAR][SQL/XOPEN type = 12][size = 255][dec. digits = 0]
[16 Nov 2016 00:17:10]   Found column: firstname [type = VARCHAR][SQL/XOPEN type = 12][size = 255][dec. digits = 0]
[16 Nov 2016 00:17:10]   Found column: group_oid [type = INT][SQL/XOPEN type = 4][size = 10][dec. digits = 0]
[16 Nov 2016 00:17:10] Retrieving primary keys for 'user' [type = TABLE]
[16 Nov 2016 00:17:10]   Found primary key column: oid
[16 Nov 2016 00:17:10] Retrieving columns for 'user_group' [type = TABLE]
[16 Nov 2016 00:17:10]   Found column: user_oid [type = INT][SQL/XOPEN type = 4][size = 10][dec. digits = 0]
[16 Nov 2016 00:17:10]   Found column: group_oid [type = INT][SQL/XOPEN type = 4][size = 10][dec. digits = 0]
[16 Nov 2016 00:17:10] Retrieving primary keys for 'user_group' [type = TABLE]
[16 Nov 2016 00:17:10]   Found primary key column: user_oid
[16 Nov 2016 00:17:10]   Found primary key column: group_oid
[16 Nov 2016 00:17:10] Database metadata retrieved (1025 ms)
[16 Nov 2016 00:17:10] Retrieving auto-increment columns for 'bookinfo' [type = TABLE]
[16 Nov 2016 00:17:10] Retrieving auto-increment columns for 'category' [type = TABLE]
[16 Nov 2016 00:17:10] Retrieving auto-increment columns for 'group' [type = TABLE]
[16 Nov 2016 00:17:10] Retrieving auto-increment columns for 'group_module' [type = TABLE]
[16 Nov 2016 00:17:10] Retrieving auto-increment columns for 'module' [type = TABLE]
[16 Nov 2016 00:17:10] Retrieving auto-increment columns for 'user' [type = TABLE]
[16 Nov 2016 00:17:10] Retrieving auto-increment columns for 'user_group' [type = TABLE]
[16 Nov 2016 00:17:11] Database connection closed
