[16 Nov 2016 00:17:07] DEBUG Executing SQL script
[16 Nov 2016 00:17:07] INFO ================================================================================
[16 Nov 2016 00:17:07] INFO onError= 'stop'
[16 Nov 2016 00:17:07] INFO autoCommit= 'false'
[16 Nov 2016 00:17:07] INFO username= 'sql9144540'
[16 Nov 2016 00:17:07] INFO outputPath= 'C:\WebRatio\WebRatio\workspace\EBookStore\.Temp~\UpdateSQL.xml'
[16 Nov 2016 00:17:07] INFO outputLogPath= 'C:\WebRatio\WebRatio\workspace\EBookStore\.Temp~\UpdateSQL.xml.log'
[16 Nov 2016 00:17:07] INFO encoding= ''
[16 Nov 2016 00:17:07] INFO driverClass= 'com.mysql.jdbc.Driver'
[16 Nov 2016 00:17:07] INFO sqlScript= 'C:\WebRatio\WebRatio\workspace\EBookStore\.Temp~\UpdateSQL.sql'
[16 Nov 2016 00:17:07] INFO eventSocketPort= '59306'
[16 Nov 2016 00:17:07] INFO statementSeparator= ';'
[16 Nov 2016 00:17:07] INFO derby.system.home= 'C:\WebRatio\WebRatio\workspace\.metadata\.plugins\com.webratio.commons.db\derby'
[16 Nov 2016 00:17:07] INFO password= '22f9IL3CkV'
[16 Nov 2016 00:17:07] INFO url= 'jdbc:mysql://sql9.freemysqlhosting.net:3306/sql9144540'
[16 Nov 2016 00:17:07] INFO ================================================================================
[16 Nov 2016 00:17:07] INFO Connecting to the Database...
[16 Nov 2016 00:17:08] INFO Database connection estabilished
[16 Nov 2016 00:17:08] INFO transaction isolation: 4
[16 Nov 2016 00:17:08] DEBUG ================================================================================
[16 Nov 2016 00:17:08] DEBUG Executing SQL script file: C:\WebRatio\WebRatio\workspace\EBookStore\.Temp~\UpdateSQL.sql
[16 Nov 2016 00:17:08] DEBUG Executing statement:  alter table `bookinfo`  add column  `category_oid`  integer
[16 Nov 2016 00:17:08] DEBUG Executing statement:  alter table `bookinfo`   add index fk_bookinfo_category (`category_oid`), add constraint fk_bookinfo_category foreign key (`category_oid`) references `category` (`oid`)
[16 Nov 2016 00:17:08] DEBUG ================================================================================
[16 Nov 2016 00:17:08] DEBUG SQL SCRIPT SUCCESSFULLY EXECUTED
[16 Nov 2016 00:17:08] INFO Database connection closed
[16 Nov 2016 00:17:08] DEBUG Total time: 969 milliseconds
